2018-03-08T17:36:09.337-0600 I CONTROL  [initandlisten] MongoDB starting : pid=7141 port=27017 dbpath=./db 64-bit host=gald-desktop
2018-03-08T17:36:09.337-0600 I CONTROL  [initandlisten] db version v3.6.3
2018-03-08T17:36:09.337-0600 I CONTROL  [initandlisten] git version: 9586e557d54ef70f9ca4b43c26892cd55257e1a5
2018-03-08T17:36:09.337-0600 I CONTROL  [initandlisten] OpenSSL version: OpenSSL 1.0.2g  1 Mar 2016
2018-03-08T17:36:09.337-0600 I CONTROL  [initandlisten] allocator: tcmalloc
2018-03-08T17:36:09.337-0600 I CONTROL  [initandlisten] modules: none
2018-03-08T17:36:09.337-0600 I CONTROL  [initandlisten] build environment:
2018-03-08T17:36:09.337-0600 I CONTROL  [initandlisten]     distmod: ubuntu1604
2018-03-08T17:36:09.337-0600 I CONTROL  [initandlisten]     distarch: x86_64
2018-03-08T17:36:09.337-0600 I CONTROL  [initandlisten]     target_arch: x86_64
2018-03-08T17:36:09.337-0600 I CONTROL  [initandlisten] options: { storage: { dbPath: "./db" }, systemLog: { destination: "file", logAppend: true, path: "data/logs/dblog.log" } }
2018-03-08T17:36:09.337-0600 I -        [initandlisten] Detected data files in ./db created by the 'wiredTiger' storage engine, so setting the active storage engine to 'wiredTiger'.
2018-03-08T17:36:09.338-0600 I STORAGE  [initandlisten] wiredtiger_open config: create,cache_size=5445M,session_max=20000,eviction=(threads_min=4,threads_max=4),config_base=false,statistics=(fast),log=(enabled=true,archive=true,path=journal,compressor=snappy),file_manager=(close_idle_time=100000),statistics_log=(wait=0),verbose=(recovery_progress),
2018-03-08T17:36:11.512-0600 I STORAGE  [initandlisten] WiredTiger message [1520552171:512445][7141:0x7f9cadb4a9c0], txn-recover: Main recovery loop: starting at 3/6528
2018-03-08T17:36:11.652-0600 I STORAGE  [initandlisten] WiredTiger message [1520552171:652988][7141:0x7f9cadb4a9c0], txn-recover: Recovering log 3 through 4
2018-03-08T17:36:11.768-0600 I STORAGE  [initandlisten] WiredTiger message [1520552171:768052][7141:0x7f9cadb4a9c0], txn-recover: Recovering log 4 through 4
2018-03-08T17:36:11.905-0600 I CONTROL  [initandlisten] 
2018-03-08T17:36:11.905-0600 I CONTROL  [initandlisten] ** WARNING: Access control is not enabled for the database.
2018-03-08T17:36:11.905-0600 I CONTROL  [initandlisten] **          Read and write access to data and configuration is unrestricted.
2018-03-08T17:36:11.905-0600 I CONTROL  [initandlisten] 
2018-03-08T17:36:11.905-0600 I CONTROL  [initandlisten] ** WARNING: This server is bound to localhost.
2018-03-08T17:36:11.905-0600 I CONTROL  [initandlisten] **          Remote systems will be unable to connect to this server. 
2018-03-08T17:36:11.905-0600 I CONTROL  [initandlisten] **          Start the server with --bind_ip <address> to specify which IP 
2018-03-08T17:36:11.905-0600 I CONTROL  [initandlisten] **          addresses it should serve responses from, or with --bind_ip_all to
2018-03-08T17:36:11.905-0600 I CONTROL  [initandlisten] **          bind to all interfaces. If this behavior is desired, start the
2018-03-08T17:36:11.905-0600 I CONTROL  [initandlisten] **          server with --bind_ip 127.0.0.1 to disable this warning.
2018-03-08T17:36:11.905-0600 I CONTROL  [initandlisten] 
2018-03-08T17:36:11.905-0600 I CONTROL  [initandlisten] 
2018-03-08T17:36:11.905-0600 I CONTROL  [initandlisten] ** WARNING: /sys/kernel/mm/transparent_hugepage/enabled is 'always'.
2018-03-08T17:36:11.905-0600 I CONTROL  [initandlisten] **        We suggest setting it to 'never'
2018-03-08T17:36:11.905-0600 I CONTROL  [initandlisten] 
2018-03-08T17:36:11.905-0600 I CONTROL  [initandlisten] ** WARNING: /sys/kernel/mm/transparent_hugepage/defrag is 'always'.
2018-03-08T17:36:11.905-0600 I CONTROL  [initandlisten] **        We suggest setting it to 'never'
2018-03-08T17:36:11.905-0600 I CONTROL  [initandlisten] 
2018-03-08T17:36:11.936-0600 I FTDC     [initandlisten] Initializing full-time diagnostic data capture with directory './db/diagnostic.data'
2018-03-08T17:36:11.936-0600 I NETWORK  [initandlisten] waiting for connections on port 27017
2018-03-08T17:36:47.524-0600 I CONTROL  [signalProcessingThread] got signal 2 (Interrupt), will terminate after current cmd ends
2018-03-08T17:36:47.524-0600 I NETWORK  [signalProcessingThread] shutdown: going to close listening sockets...
2018-03-08T17:36:47.524-0600 I NETWORK  [signalProcessingThread] removing socket file: /tmp/mongodb-27017.sock
2018-03-08T17:36:47.524-0600 I FTDC     [signalProcessingThread] Shutting down full-time diagnostic data capture
2018-03-08T17:36:47.526-0600 I STORAGE  [signalProcessingThread] WiredTigerKVEngine shutting down
2018-03-08T17:36:47.589-0600 I STORAGE  [signalProcessingThread] shutdown: removing fs lock...
2018-03-08T17:36:47.589-0600 I CONTROL  [signalProcessingThread] now exiting
2018-03-08T17:36:47.589-0600 I CONTROL  [signalProcessingThread] shutting down with code:0
2018-03-08T17:38:07.786-0600 I CONTROL  [main] ***** SERVER RESTARTED *****
2018-03-08T17:38:07.792-0600 I CONTROL  [initandlisten] MongoDB starting : pid=7450 port=27017 dbpath=/home/gald/goworkspace/src/github.com/KaiserGald/unlicht-server/./db 64-bit host=gald-desktop
2018-03-08T17:38:07.792-0600 I CONTROL  [initandlisten] db version v3.6.3
2018-03-08T17:38:07.792-0600 I CONTROL  [initandlisten] git version: 9586e557d54ef70f9ca4b43c26892cd55257e1a5
2018-03-08T17:38:07.792-0600 I CONTROL  [initandlisten] OpenSSL version: OpenSSL 1.0.2g  1 Mar 2016
2018-03-08T17:38:07.792-0600 I CONTROL  [initandlisten] allocator: tcmalloc
2018-03-08T17:38:07.792-0600 I CONTROL  [initandlisten] modules: none
2018-03-08T17:38:07.792-0600 I CONTROL  [initandlisten] build environment:
2018-03-08T17:38:07.792-0600 I CONTROL  [initandlisten]     distmod: ubuntu1604
2018-03-08T17:38:07.792-0600 I CONTROL  [initandlisten]     distarch: x86_64
2018-03-08T17:38:07.792-0600 I CONTROL  [initandlisten]     target_arch: x86_64
2018-03-08T17:38:07.792-0600 I CONTROL  [initandlisten] options: { processManagement: { fork: true }, storage: { dbPath: "./db" }, systemLog: { destination: "file", logAppend: true, path: "data/logs/dblog.log" } }
2018-03-08T17:38:07.792-0600 I -        [initandlisten] Detected data files in /home/gald/goworkspace/src/github.com/KaiserGald/unlicht-server/./db created by the 'wiredTiger' storage engine, so setting the active storage engine to 'wiredTiger'.
2018-03-08T17:38:07.792-0600 I STORAGE  [initandlisten] wiredtiger_open config: create,cache_size=5445M,session_max=20000,eviction=(threads_min=4,threads_max=4),config_base=false,statistics=(fast),log=(enabled=true,archive=true,path=journal,compressor=snappy),file_manager=(close_idle_time=100000),statistics_log=(wait=0),verbose=(recovery_progress),
2018-03-08T17:38:09.924-0600 I STORAGE  [initandlisten] WiredTiger message [1520552289:924521][7450:0x7f10c98049c0], txn-recover: Main recovery loop: starting at 4/4864
2018-03-08T17:38:10.069-0600 I STORAGE  [initandlisten] WiredTiger message [1520552290:69022][7450:0x7f10c98049c0], txn-recover: Recovering log 4 through 5
2018-03-08T17:38:10.174-0600 I STORAGE  [initandlisten] WiredTiger message [1520552290:174779][7450:0x7f10c98049c0], txn-recover: Recovering log 5 through 5
2018-03-08T17:38:10.338-0600 I CONTROL  [initandlisten] 
2018-03-08T17:38:10.338-0600 I CONTROL  [initandlisten] ** WARNING: Access control is not enabled for the database.
2018-03-08T17:38:10.338-0600 I CONTROL  [initandlisten] **          Read and write access to data and configuration is unrestricted.
2018-03-08T17:38:10.338-0600 I CONTROL  [initandlisten] 
2018-03-08T17:38:10.338-0600 I CONTROL  [initandlisten] ** WARNING: This server is bound to localhost.
2018-03-08T17:38:10.338-0600 I CONTROL  [initandlisten] **          Remote systems will be unable to connect to this server. 
2018-03-08T17:38:10.338-0600 I CONTROL  [initandlisten] **          Start the server with --bind_ip <address> to specify which IP 
2018-03-08T17:38:10.338-0600 I CONTROL  [initandlisten] **          addresses it should serve responses from, or with --bind_ip_all to
2018-03-08T17:38:10.338-0600 I CONTROL  [initandlisten] **          bind to all interfaces. If this behavior is desired, start the
2018-03-08T17:38:10.338-0600 I CONTROL  [initandlisten] **          server with --bind_ip 127.0.0.1 to disable this warning.
2018-03-08T17:38:10.338-0600 I CONTROL  [initandlisten] 
2018-03-08T17:38:10.338-0600 I CONTROL  [initandlisten] 
2018-03-08T17:38:10.338-0600 I CONTROL  [initandlisten] ** WARNING: /sys/kernel/mm/transparent_hugepage/enabled is 'always'.
2018-03-08T17:38:10.338-0600 I CONTROL  [initandlisten] **        We suggest setting it to 'never'
2018-03-08T17:38:10.338-0600 I CONTROL  [initandlisten] 
2018-03-08T17:38:10.338-0600 I CONTROL  [initandlisten] ** WARNING: /sys/kernel/mm/transparent_hugepage/defrag is 'always'.
2018-03-08T17:38:10.338-0600 I CONTROL  [initandlisten] **        We suggest setting it to 'never'
2018-03-08T17:38:10.338-0600 I CONTROL  [initandlisten] 
2018-03-08T17:38:10.348-0600 I FTDC     [initandlisten] Initializing full-time diagnostic data capture with directory '/home/gald/goworkspace/src/github.com/KaiserGald/unlicht-server/./db/diagnostic.data'
2018-03-08T17:38:10.349-0600 I NETWORK  [initandlisten] waiting for connections on port 27017
